1447726446.783131 server started, pid 26012
1447726446.783228 continuing cmdq 0x7fb479f04a50: flags=0, client=-1
1447726446.783234 cmdq 0x7fb479f04a50: bind-key C-b send-prefix
1447726446.783260 continuing cmdq 0x7fb479f04a50: flags=0, client=-1
1447726446.783264 cmdq 0x7fb479f04a50: bind-key C-o rotate-window
1447726446.783274 continuing cmdq 0x7fb479f04a50: flags=0, client=-1
1447726446.783277 cmdq 0x7fb479f04a50: bind-key C-z suspend-client
1447726446.783286 continuing cmdq 0x7fb479f04a50: flags=0, client=-1
1447726446.783290 cmdq 0x7fb479f04a50: bind-key Space next-layout
1447726446.783301 continuing cmdq 0x7fb479f04a50: flags=0, client=-1
1447726446.783304 cmdq 0x7fb479f04a50: bind-key ! break-pane
1447726446.783312 continuing cmdq 0x7fb479f04a50: flags=0, client=-1
1447726446.783315 cmdq 0x7fb479f04a50: bind-key " split-window
1447726446.783324 continuing cmdq 0x7fb479f04a50: flags=0, client=-1
1447726446.783327 cmdq 0x7fb479f04a50: bind-key # list-buffers
1447726446.783338 continuing cmdq 0x7fb479f04a50: flags=0, client=-1
1447726446.783342 cmdq 0x7fb479f04a50: bind-key $ command-prompt -I#S "rename-session '%%'"
1447726446.783353 continuing cmdq 0x7fb479f04a50: flags=0, client=-1
1447726446.783357 cmdq 0x7fb479f04a50: bind-key % split-window -h
1447726446.783369 continuing cmdq 0x7fb479f04a50: flags=0, client=-1
1447726446.783373 cmdq 0x7fb479f04a50: bind-key & confirm-before "-pkill-window #W? (y/n)" kill-window
1447726446.783385 continuing cmdq 0x7fb479f04a50: flags=0, client=-1
1447726446.783389 cmdq 0x7fb479f04a50: bind-key ' command-prompt -pindex "select-window -t ':%%'"
1447726446.783398 continuing cmdq 0x7fb479f04a50: flags=0, client=-1
1447726446.783401 cmdq 0x7fb479f04a50: bind-key ( switch-client -p
1447726446.783411 continuing cmdq 0x7fb479f04a50: flags=0, client=-1
1447726446.783414 cmdq 0x7fb479f04a50: bind-key ) switch-client -n
1447726446.783425 continuing cmdq 0x7fb479f04a50: flags=0, client=-1
1447726446.783429 cmdq 0x7fb479f04a50: bind-key , command-prompt -I#W "rename-window '%%'"
1447726446.783437 continuing cmdq 0x7fb479f04a50: flags=0, client=-1
1447726446.783440 cmdq 0x7fb479f04a50: bind-key - delete-buffer
1447726446.783449 continuing cmdq 0x7fb479f04a50: flags=0, client=-1
1447726446.783453 cmdq 0x7fb479f04a50: bind-key . command-prompt "move-window -t '%%'"
1447726446.783462 continuing cmdq 0x7fb479f04a50: flags=0, client=-1
1447726446.783465 cmdq 0x7fb479f04a50: bind-key 0 select-window -t:=0
1447726446.783474 continuing cmdq 0x7fb479f04a50: flags=0, client=-1
1447726446.783478 cmdq 0x7fb479f04a50: bind-key 1 select-window -t:=1
1447726446.783486 continuing cmdq 0x7fb479f04a50: flags=0, client=-1
1447726446.783490 cmdq 0x7fb479f04a50: bind-key 2 select-window -t:=2
1447726446.783499 continuing cmdq 0x7fb479f04a50: flags=0, client=-1
1447726446.783502 cmdq 0x7fb479f04a50: bind-key 3 select-window -t:=3
1447726446.783511 continuing cmdq 0x7fb479f04a50: flags=0, client=-1
1447726446.783514 cmdq 0x7fb479f04a50: bind-key 4 select-window -t:=4
1447726446.783525 continuing cmdq 0x7fb479f04a50: flags=0, client=-1
1447726446.783528 cmdq 0x7fb479f04a50: bind-key 5 select-window -t:=5
1447726446.783537 continuing cmdq 0x7fb479f04a50: flags=0, client=-1
1447726446.783540 cmdq 0x7fb479f04a50: bind-key 6 select-window -t:=6
1447726446.783549 continuing cmdq 0x7fb479f04a50: flags=0, client=-1
1447726446.783552 cmdq 0x7fb479f04a50: bind-key 7 select-window -t:=7
1447726446.783561 continuing cmdq 0x7fb479f04a50: flags=0, client=-1
1447726446.783564 cmdq 0x7fb479f04a50: bind-key 8 select-window -t:=8
1447726446.783573 continuing cmdq 0x7fb479f04a50: flags=0, client=-1
1447726446.783577 cmdq 0x7fb479f04a50: bind-key 9 select-window -t:=9
1447726446.783585 continuing cmdq 0x7fb479f04a50: flags=0, client=-1
1447726446.783588 cmdq 0x7fb479f04a50: bind-key : command-prompt
1447726446.783595 continuing cmdq 0x7fb479f04a50: flags=0, client=-1
1447726446.783599 cmdq 0x7fb479f04a50: bind-key ; last-pane
1447726446.783606 continuing cmdq 0x7fb479f04a50: flags=0, client=-1
1447726446.783610 cmdq 0x7fb479f04a50: bind-key = choose-buffer
1447726446.783622 continuing cmdq 0x7fb479f04a50: flags=0, client=-1
1447726446.783626 cmdq 0x7fb479f04a50: bind-key ? list-keys
1447726446.783633 continuing cmdq 0x7fb479f04a50: flags=0, client=-1
1447726446.783636 cmdq 0x7fb479f04a50: bind-key D choose-client
1447726446.783644 continuing cmdq 0x7fb479f04a50: flags=0, client=-1
1447726446.783647 cmdq 0x7fb479f04a50: bind-key L switch-client -l
1447726446.783656 continuing cmdq 0x7fb479f04a50: flags=0, client=-1
1447726446.783659 cmdq 0x7fb479f04a50: bind-key M select-pane -M
1447726446.783667 continuing cmdq 0x7fb479f04a50: flags=0, client=-1
1447726446.783670 cmdq 0x7fb479f04a50: bind-key [ copy-mode
1447726446.783677 continuing cmdq 0x7fb479f04a50: flags=0, client=-1
1447726446.783681 cmdq 0x7fb479f04a50: bind-key ] paste-buffer
1447726446.783688 continuing cmdq 0x7fb479f04a50: flags=0, client=-1
1447726446.783691 cmdq 0x7fb479f04a50: bind-key c new-window
1447726446.783698 continuing cmdq 0x7fb479f04a50: flags=0, client=-1
1447726446.783702 cmdq 0x7fb479f04a50: bind-key d detach-client
1447726446.783710 continuing cmdq 0x7fb479f04a50: flags=0, client=-1
1447726446.783714 cmdq 0x7fb479f04a50: bind-key f command-prompt "find-window '%%'"
1447726446.783722 continuing cmdq 0x7fb479f04a50: flags=0, client=-1
1447726446.783725 cmdq 0x7fb479f04a50: bind-key i display-message
1447726446.783732 continuing cmdq 0x7fb479f04a50: flags=0, client=-1
1447726446.783735 cmdq 0x7fb479f04a50: bind-key l last-window
1447726446.783743 continuing cmdq 0x7fb479f04a50: flags=0, client=-1
1447726446.783746 cmdq 0x7fb479f04a50: bind-key m select-pane -m
1447726446.783754 continuing cmdq 0x7fb479f04a50: flags=0, client=-1
1447726446.783757 cmdq 0x7fb479f04a50: bind-key n next-window
1447726446.783767 continuing cmdq 0x7fb479f04a50: flags=0, client=-1
1447726446.783770 cmdq 0x7fb479f04a50: bind-key o select-pane -t:.+
1447726446.783779 continuing cmdq 0x7fb479f04a50: flags=0, client=-1
1447726446.783782 cmdq 0x7fb479f04a50: bind-key p previous-window
1447726446.783789 continuing cmdq 0x7fb479f04a50: flags=0, client=-1
1447726446.783793 cmdq 0x7fb479f04a50: bind-key q display-panes
1447726446.783800 continuing cmdq 0x7fb479f04a50: flags=0, client=-1
1447726446.783803 cmdq 0x7fb479f04a50: bind-key r refresh-client
1447726446.783810 continuing cmdq 0x7fb479f04a50: flags=0, client=-1
1447726446.783813 cmdq 0x7fb479f04a50: bind-key s choose-tree
1447726446.783820 continuing cmdq 0x7fb479f04a50: flags=0, client=-1
1447726446.783823 cmdq 0x7fb479f04a50: bind-key t clock-mode
1447726446.783830 continuing cmdq 0x7fb479f04a50: flags=0, client=-1
1447726446.783833 cmdq 0x7fb479f04a50: bind-key w choose-window
1447726446.783843 continuing cmdq 0x7fb479f04a50: flags=0, client=-1
1447726446.783847 cmdq 0x7fb479f04a50: bind-key x confirm-before "-pkill-pane #P? (y/n)" kill-pane
1447726446.783855 continuing cmdq 0x7fb479f04a50: flags=0, client=-1
1447726446.783859 cmdq 0x7fb479f04a50: bind-key z resize-pane -Z
1447726446.783867 continuing cmdq 0x7fb479f04a50: flags=0, client=-1
1447726446.783870 cmdq 0x7fb479f04a50: bind-key { swap-pane -U
1447726446.783879 continuing cmdq 0x7fb479f04a50: flags=0, client=-1
1447726446.783882 cmdq 0x7fb479f04a50: bind-key } swap-pane -D
1447726446.783890 continuing cmdq 0x7fb479f04a50: flags=0, client=-1
1447726446.783893 cmdq 0x7fb479f04a50: bind-key ~ show-messages
1447726446.783901 continuing cmdq 0x7fb479f04a50: flags=0, client=-1
1447726446.783905 cmdq 0x7fb479f04a50: bind-key PPage copy-mode -u
1447726446.783914 continuing cmdq 0x7fb479f04a50: flags=0, client=-1
1447726446.783917 cmdq 0x7fb479f04a50: bind-key -r Up select-pane -U
1447726446.783927 continuing cmdq 0x7fb479f04a50: flags=0, client=-1
1447726446.783931 cmdq 0x7fb479f04a50: bind-key -r Down select-pane -D
1447726446.783952 continuing cmdq 0x7fb479f04a50: flags=0, client=-1
1447726446.783955 cmdq 0x7fb479f04a50: bind-key -r Left select-pane -L
1447726446.783963 continuing cmdq 0x7fb479f04a50: flags=0, client=-1
1447726446.783967 cmdq 0x7fb479f04a50: bind-key -r Right select-pane -R
1447726446.783975 continuing cmdq 0x7fb479f04a50: flags=0, client=-1
1447726446.783982 cmdq 0x7fb479f04a50: bind-key M-1 select-layout even-horizontal
1447726446.783990 continuing cmdq 0x7fb479f04a50: flags=0, client=-1
1447726446.783995 cmdq 0x7fb479f04a50: bind-key M-2 select-layout even-vertical
1447726446.784003 continuing cmdq 0x7fb479f04a50: flags=0, client=-1
1447726446.784007 cmdq 0x7fb479f04a50: bind-key M-3 select-layout main-horizontal
1447726446.784015 continuing cmdq 0x7fb479f04a50: flags=0, client=-1
1447726446.784018 cmdq 0x7fb479f04a50: bind-key M-4 select-layout main-vertical
1447726446.784025 continuing cmdq 0x7fb479f04a50: flags=0, client=-1
1447726446.784028 cmdq 0x7fb479f04a50: bind-key M-5 select-layout tiled
1447726446.784036 continuing cmdq 0x7fb479f04a50: flags=0, client=-1
1447726446.784039 cmdq 0x7fb479f04a50: bind-key M-n next-window -a
1447726446.784047 continuing cmdq 0x7fb479f04a50: flags=0, client=-1
1447726446.784050 cmdq 0x7fb479f04a50: bind-key M-o rotate-window -D
1447726446.784058 continuing cmdq 0x7fb479f04a50: flags=0, client=-1
1447726446.784061 cmdq 0x7fb479f04a50: bind-key M-p previous-window -a
1447726446.784069 continuing cmdq 0x7fb479f04a50: flags=0, client=-1
1447726446.784073 cmdq 0x7fb479f04a50: bind-key -r M-Up resize-pane -U 5
1447726446.784082 continuing cmdq 0x7fb479f04a50: flags=0, client=-1
1447726446.784086 cmdq 0x7fb479f04a50: bind-key -r M-Down resize-pane -D 5
1447726446.784095 continuing cmdq 0x7fb479f04a50: flags=0, client=-1
1447726446.784099 cmdq 0x7fb479f04a50: bind-key -r M-Left resize-pane -L 5
1447726446.784108 continuing cmdq 0x7fb479f04a50: flags=0, client=-1
1447726446.784112 cmdq 0x7fb479f04a50: bind-key -r M-Right resize-pane -R 5
1447726446.784121 continuing cmdq 0x7fb479f04a50: flags=0, client=-1
1447726446.784124 cmdq 0x7fb479f04a50: bind-key -r C-Up resize-pane -U
1447726446.784133 continuing cmdq 0x7fb479f04a50: flags=0, client=-1
1447726446.784136 cmdq 0x7fb479f04a50: bind-key -r C-Down resize-pane -D
1447726446.784145 continuing cmdq 0x7fb479f04a50: flags=0, client=-1
1447726446.784148 cmdq 0x7fb479f04a50: bind-key -r C-Left resize-pane -L
1447726446.784157 continuing cmdq 0x7fb479f04a50: flags=0, client=-1
1447726446.784160 cmdq 0x7fb479f04a50: bind-key -r C-Right resize-pane -R
1447726446.784171 continuing cmdq 0x7fb479f04a50: flags=0, client=-1
1447726446.784174 cmdq 0x7fb479f04a50: bind-key -n MouseDown1Pane select-pane -t=; send-keys -M
1447726446.784186 continuing cmdq 0x7fb479f04a50: flags=0, client=-1
1447726446.784190 cmdq 0x7fb479f04a50: bind-key -n MouseDrag1Border resize-pane -M
1447726446.784200 continuing cmdq 0x7fb479f04a50: flags=0, client=-1
1447726446.784206 cmdq 0x7fb479f04a50: bind-key -n MouseDown1Status select-window -t=
1447726446.784220 continuing cmdq 0x7fb479f04a50: flags=0, client=-1
1447726446.784226 cmdq 0x7fb479f04a50: bind-key -n MouseDrag1Pane if -Ft= #{mouse_any_flag} "if -Ft= "#{pane_in_mode}" "copy-mode -M" "send-keys -M"" "copy-mode -M"
1447726446.784237 continuing cmdq 0x7fb479f04a50: flags=0, client=-1
1447726446.784240 cmdq 0x7fb479f04a50: bind-key -n MouseDown3Pane select-pane -mt=
1447726446.784373 socket path /private/var/folders/8s/d_y0wzw559jf96q1r85bt2080000gn/T/tmux-501/default
1447726446.784510 new client 7
1447726446.784561 loading /Users/sushi/.tmux.conf
1447726446.784576 /Users/sushi/.tmux.conf: set -g default-terminal "screen-256color"
1447726446.784586 /Users/sushi/.tmux.conf: unbind C-b
1447726446.784591 /Users/sushi/.tmux.conf: set -g prefix C-a
1447726446.784598 /Users/sushi/.tmux.conf: bind C-a send-prefix
1447726446.784603 /Users/sushi/.tmux.conf: 
1447726446.784606 /Users/sushi/.tmux.conf: set-option -g status on
1447726446.784612 /Users/sushi/.tmux.conf: set-option -g status-interval 2
1447726446.784619 /Users/sushi/.tmux.conf: set-option -g status-utf8 on
1447726446.784625 /Users/sushi/.tmux.conf: set-option -g status-justify "centre"
1447726446.784634 /Users/sushi/.tmux.conf: set-option -g status-left-length 60
1447726446.784641 /Users/sushi/.tmux.conf: set-option -g status-right-length 90
1447726446.784648 /Users/sushi/.tmux.conf: set-option -g status-left "#(~/.tmux/tmux-powerline/powerline.sh left)"
1447726446.784662 /Users/sushi/.tmux.conf: set-option -g status-right "#(~/tmux/tmux-powerline/powerline.sh right)"
1447726446.784670 /Users/sushi/.tmux.conf: 
1447726446.784673 /Users/sushi/.tmux.conf: set-window-option -g mode-mouse on
1447726446.784680 /Users/sushi/.tmux.conf: set-option -g mouse-select-pane on
1447726446.784686 /Users/sushi/.tmux.conf: set-option -g mouse-select-window on
1447726446.784699 continuing cmdq 0x7fb479f093c0: flags=0, client=-1
1447726446.784703 cmdq 0x7fb479f093c0: set-option -g default-terminal screen-256color
1447726446.784726 cmdq 0x7fb479f093c0: unbind-key C-b
1447726446.784734 cmdq 0x7fb479f093c0: set-option -g prefix C-a
1447726446.784744 cmdq 0x7fb479f093c0: bind-key C-a send-prefix
1447726446.784750 cmdq 0x7fb479f093c0: set-option -g status on
1447726446.784758 cmdq 0x7fb479f093c0: set-option -g status-interval 2
1447726446.784766 cmdq 0x7fb479f093c0: set-option -g status-utf8 on
1447726446.784775 cmdq 0x7fb479f093c0: set-option -g status-justify centre
1447726446.784781 cmdq 0x7fb479f093c0: set-option -g status-left-length 60
1447726446.784786 cmdq 0x7fb479f093c0: set-option -g status-right-length 90
1447726446.784792 cmdq 0x7fb479f093c0: set-option -g status-left "#(~/.tmux/tmux-powerline/powerline.sh left)"
1447726446.784798 cmdq 0x7fb479f093c0: set-option -g status-right "#(~/tmux/tmux-powerline/powerline.sh right)"
1447726446.784803 cmdq 0x7fb479f093c0: set-window-option -g mode-mouse on
1447726446.784809 cmdq 0x7fb479f093c0: set-option -g mouse-select-pane on
1447726446.784815 cmdq 0x7fb479f093c0: set-option -g mouse-select-window on
1447726446.784820 unref client 7 (2 references)
1447726446.784829 event dispatch enter
1447726446.785058 got 100 from client 7
1447726446.785065 got 101 from client 7
1447726446.785068 got 102 from client 7
1447726446.785071 got 103 from client 7
1447726446.785077 event dispatch exit
1447726446.785080 event dispatch enter
1447726446.785121 got 104 from client 7
1447726446.785125 got 107 from client 7
1447726446.785128 got 105 from client 7
1447726446.785134 got 105 from client 7
1447726446.785137 got 105 from client 7
1447726446.785141 got 105 from client 7
1447726446.785145 got 105 from client 7
1447726446.785148 got 105 from client 7
1447726446.785152 got 105 from client 7
1447726446.785155 got 105 from client 7
1447726446.785158 got 105 from client 7
1447726446.785162 got 105 from client 7
1447726446.785165 got 105 from client 7
1447726446.785168 got 105 from client 7
1447726446.785172 got 105 from client 7
1447726446.785185 got 105 from client 7
1447726446.785189 got 105 from client 7
1447726446.785192 got 105 from client 7
1447726446.785195 got 105 from client 7
1447726446.785198 got 105 from client 7
1447726446.785201 got 105 from client 7
1447726446.785205 got 105 from client 7
1447726446.785208 got 105 from client 7
1447726446.785211 got 105 from client 7
1447726446.785226 got 105 from client 7
1447726446.785229 got 105 from client 7
1447726446.785232 got 105 from client 7
1447726446.785236 got 105 from client 7
1447726446.785239 got 105 from client 7
1447726446.785242 got 105 from client 7
1447726446.785246 got 105 from client 7
1447726446.785249 got 105 from client 7
1447726446.785253 got 105 from client 7
1447726446.785256 got 105 from client 7
1447726446.785259 got 105 from client 7
1447726446.785263 got 105 from client 7
1447726446.785266 got 105 from client 7
1447726446.785269 got 105 from client 7
1447726446.785273 got 105 from client 7
1447726446.785291 got 105 from client 7
1447726446.785294 got 105 from client 7
1447726446.785297 got 105 from client 7
1447726446.785310 got 105 from client 7
1447726446.785313 got 105 from client 7
1447726446.785317 got 105 from client 7
1447726446.785320 got 105 from client 7
1447726446.785323 got 105 from client 7
1447726446.785326 got 105 from client 7
1447726446.785329 got 106 from client 7
1447726446.786013 got 200 from client 7
1447726446.786024 continuing cmdq 0x7fb479f04a50: flags=0, client=7
1447726446.786033 cmdq 0x7fb479f04a50: new-session
1447726446.786042 new term: screen-256color-bce
1447726446.786311 screen-256color-bce override: XT 
1447726446.786350 new key \033Oo: 0x103c (KP/)
1447726446.786355 new key \033Oj: 0x103d (KP*)
1447726446.786357 new key \033Om: 0x103e (KP-)
1447726446.786360 new key \033Ow: 0x103f (KP7)
1447726446.786363 new key \033Ox: 0x1040 (KP8)
1447726446.786365 new key \033Oy: 0x1041 (KP9)
1447726446.786368 new key \033Ok: 0x1042 (KP+)
1447726446.786371 new key \033Ot: 0x1043 (KP4)
1447726446.786373 new key \033Ou: 0x1044 (KP5)
1447726446.786376 new key \033Ov: 0x1045 (KP6)
1447726446.786378 new key \033Oq: 0x1046 (KP1)
1447726446.786381 new key \033Or: 0x1047 (KP2)
1447726446.786383 new key \033Os: 0x1048 (KP3)
1447726446.786386 new key \033OM: 0x1049 (KPEnter)
1447726446.786389 new key \033Op: 0x104a (KP0)
1447726446.786392 new key \033On: 0x104b (KP.)
1447726446.786394 new key \033OA: 0x1038 (Up)
1447726446.786397 new key \033OB: 0x1039 (Down)
1447726446.786400 new key \033OC: 0x103b (Right)
1447726446.786402 new key \033OD: 0x103a (Left)
1447726446.786405 new key \033[A: 0x1038 (Up)
1447726446.786408 new key \033[B: 0x1039 (Down)
1447726446.786410 new key \033[C: 0x103b (Right)
1447726446.786413 new key \033[D: 0x103a (Left)
1447726446.786415 new key \033OH: 0x1033 (Home)
1447726446.786418 new key \033OF: 0x1034 (End)
1447726446.786421 new key \033[H: 0x1033 (Home)
1447726446.786423 new key \033[F: 0x1034 (End)
1447726446.786426 new key \033Oa: 0x5038 (C-Up)
1447726446.786429 new key \033Ob: 0x5039 (C-Down)
1447726446.786432 new key \033Oc: 0x503b (C-Right)
1447726446.786434 new key \033Od: 0x503a (C-Left)
1447726446.786437 new key \033[a: 0x9038 (S-Up)
1447726446.786440 new key \033[b: 0x9039 (S-Down)
1447726446.786442 new key \033[c: 0x903b (S-Right)
1447726446.786445 new key \033[d: 0x903a (S-Left)
1447726446.786448 new key \033[11^: 0x5025 (C-F1)
1447726446.786451 new key \033[12^: 0x5026 (C-F2)
1447726446.786456 new key \033[13^: 0x5027 (C-F3)
1447726446.786459 new key \033[14^: 0x5028 (C-F4)
1447726446.786461 new key \033[15^: 0x5029 (C-F5)
1447726446.786464 new key \033[17^: 0x502a (C-F6)
1447726446.786467 new key \033[18^: 0x502b (C-F7)
1447726446.786469 new key \033[19^: 0x502c (C-F8)
1447726446.786472 new key \033[20^: 0x502d (C-F9)
1447726446.786475 new key \033[21^: 0x502e (C-F10)
1447726446.786477 new key \033[23^: 0x502f (C-F11)
1447726446.786480 new key \033[24^: 0x5030 (C-F12)
1447726446.786483 new key \033[2^: 0x5031 (C-IC)
1447726446.786486 new key \033[3^: 0x5032 (C-DC)
1447726446.786488 new key \033[7^: 0x5033 (C-Home)
1447726446.786491 new key \033[8^: 0x5034 (C-End)
1447726446.786494 new key \033[6^: 0x5035 (C-NPage)
1447726446.786497 new key \033[5^: 0x5036 (C-PPage)
1447726446.786499 new key \033[11$: 0x9025 (S-F1)
1447726446.786502 new key \033[12$: 0x9026 (S-F2)
1447726446.786505 new key \033[13$: 0x9027 (S-F3)
1447726446.786508 new key \033[14$: 0x9028 (S-F4)
1447726446.786521 new key \033[15$: 0x9029 (S-F5)
1447726446.786524 new key \033[17$: 0x902a (S-F6)
1447726446.786526 new key \033[18$: 0x902b (S-F7)
1447726446.786529 new key \033[19$: 0x902c (S-F8)
1447726446.786532 new key \033[20$: 0x902d (S-F9)
1447726446.786535 new key \033[21$: 0x902e (S-F10)
1447726446.786537 new key \033[23$: 0x902f (S-F11)
1447726446.786540 new key \033[24$: 0x9030 (S-F12)
1447726446.786543 new key \033[2$: 0x9031 (S-IC)
1447726446.786546 new key \033[3$: 0x9032 (S-DC)
1447726446.786548 new key \033[7$: 0x9033 (S-Home)
1447726446.786551 new key \033[8$: 0x9034 (S-End)
1447726446.786554 new key \033[6$: 0x9035 (S-NPage)
1447726446.786557 new key \033[5$: 0x9036 (S-PPage)
1447726446.786560 new key \033[11@: 0xd025 (C-S-F1)
1447726446.786563 new key \033[12@: 0xd026 (C-S-F2)
1447726446.786566 new key \033[13@: 0xd027 (C-S-F3)
1447726446.786568 new key \033[14@: 0xd028 (C-S-F4)
1447726446.786571 new key \033[15@: 0xd029 (C-S-F5)
1447726446.786574 new key \033[17@: 0xd02a (C-S-F6)
1447726446.786586 new key \033[18@: 0xd02b (C-S-F7)
1447726446.786589 new key \033[19@: 0xd02c (C-S-F8)
1447726446.786598 new key \033[20@: 0xd02d (C-S-F9)
1447726446.786601 new key \033[21@: 0xd02e (C-S-F10)
1447726446.786604 new key \033[23@: 0xd02f (C-S-F11)
1447726446.786607 new key \033[24@: 0xd030 (C-S-F12)
1447726446.786610 new key \033[2@: 0xd031 (C-S-IC)
1447726446.786613 new key \033[3@: 0xd032 (C-S-DC)
1447726446.786616 new key \033[7@: 0xd033 (C-S-Home)
1447726446.786619 new key \033[8@: 0xd034 (C-S-End)
1447726446.786622 new key \033[6@: 0xd035 (C-S-NPage)
1447726446.786625 new key \033[5@: 0xd036 (C-S-PPage)
1447726446.786628 new key \033[I: 0x1000 ((null))
1447726446.786631 new key \033[O: 0x1001 ((null))
1447726446.786634 new key \033OP: 0x1025 (F1)
1447726446.786637 new key \033OQ: 0x1026 (F2)
1447726446.786639 new key \033OR: 0x1027 (F3)
1447726446.786642 new key \033OS: 0x1028 (F4)
1447726446.786645 new key \033[15~: 0x1029 (F5)
1447726446.786648 new key \033[17~: 0x102a (F6)
1447726446.786651 new key \033[18~: 0x102b (F7)
1447726446.786654 new key \033[19~: 0x102c (F8)
1447726446.786657 new key \033[20~: 0x102d (F9)
1447726446.786660 new key \033[21~: 0x102e (F10)
1447726446.786662 new key \033[23~: 0x102f (F11)
1447726446.786665 new key \033[24~: 0x1030 (F12)
1447726446.786669 new key \033[2~: 0x1031 (IC)
1447726446.786672 new key \033[3~: 0x1032 (DC)
1447726446.786674 new key \033[1~: 0x1033 (Home)
1447726446.786677 new key \033[4~: 0x1034 (End)
1447726446.786680 new key \033[6~: 0x1035 (NPage)
1447726446.786683 new key \033[5~: 0x1036 (PPage)
1447726446.786686 new key \033[Z: 0x1037 (BTab)
1447726446.786689 replacing key \033OA: 0x1038 (Up)
1447726446.786692 replacing key \033OB: 0x1039 (Down)
1447726446.786695 replacing key \033OD: 0x103a (Left)
1447726446.786698 replacing key \033OC: 0x103b (Right)
1447726446.786742 @0 alerts flags added 0x2
1447726446.786759 spawn: /usr/local/bin/bash -- 
1447726446.787096 @0 alerts timer reset 0
1447726446.787112 session 0 created
1447726446.787118 writing 207 to client 7
1447726446.787126 client 7, status interval 2
1447726446.787230 session 0 has 3 references
1447726446.787235 session 0 has 2 references
1447726446.787238 unref client 7 (2 references)
1447726446.787243 event dispatch exit
1447726446.787654 format '~/.tmux/tmux-powerline/powerline.sh left' -> '~/.tmux/tmux-powerline/powerline.sh left'
1447726446.787842 run job 0x7fb479f13940: ~/.tmux/tmux-powerline/powerline.sh left, pid 26014
1447726446.787859 format '#(~/.tmux/tmux-powerline/powerline.sh left)' -> '<'~/.tmux/tmux-powerline/powerline.sh left' not ready>'
1447726446.788226 format '~/tmux/tmux-powerline/powerline.sh right' -> '~/tmux/tmux-powerline/powerline.sh right'
1447726446.788406 run job 0x7fb479f13e60: ~/tmux/tmux-powerline/powerline.sh right, pid 26015
1447726446.788423 format '#(~/tmux/tmux-powerline/powerline.sh right)' -> '<'~/tmux/tmux-powerline/powerline.sh right' not ready>'
1447726446.788795 format '#{window_flags}' -> '*'
1447726446.788801 format '#I:#W#{?window_flags,#{window_flags}, }' -> '0:bash*'
1447726446.789074 @0 active pane changed
1447726446.789150 format '[tmux]' -> '[tmux]'
1447726446.789156 format '' -> ''
1447726446.789160 format '#{?pane_in_mode,[tmux],#{pane_current_command}}#{?pane_dead,[dead],}' -> '[tmux]'
1447726446.789176 @0 new name [tmux] (was bash)
1447726446.789185 event dispatch enter
1447726446.789274 job write 0x7fb479f13940: ~/.tmux/tmux-powerline/powerline.sh left, pid 26014, output left 0
1447726446.789290 job write 0x7fb479f13e60: ~/tmux/tmux-powerline/powerline.sh right, pid 26015, output left 0
1447726446.789338 event dispatch exit
1447726446.789812 format '~/.tmux/tmux-powerline/powerline.sh left' -> '~/.tmux/tmux-powerline/powerline.sh left'
1447726446.789820 format '#(~/.tmux/tmux-powerline/powerline.sh left)' -> '<'~/.tmux/tmux-powerline/powerline.sh left' not ready>'
1447726446.790132 format '~/tmux/tmux-powerline/powerline.sh right' -> '~/tmux/tmux-powerline/powerline.sh right'
1447726446.790138 format '#(~/tmux/tmux-powerline/powerline.sh right)' -> '<'~/tmux/tmux-powerline/powerline.sh right' not ready>'
1447726446.790450 format '#{window_flags}' -> '*'
1447726446.790463 format '#I:#W#{?window_flags,#{window_flags}, }' -> '0:[tmux]*'
1447726446.790521 @0 active pane not changed
1447726446.790524 event dispatch enter
1447726446.790677 got 208 from client 7
1447726446.790717 event dispatch exit
1447726446.790725 @0 active pane not changed
1447726446.790728 event dispatch enter
1447726446.791945 job error 0x7fb479f13940: ~/.tmux/tmux-powerline/powerline.sh left, pid 26014
1447726446.791981 event dispatch exit
1447726446.791993 @0 active pane not changed
1447726446.791998 event dispatch enter
1447726446.792240 job died 0x7fb479f13940: ~/.tmux/tmux-powerline/powerline.sh left, pid 26014
1447726446.792258 format_job_callback: ~/.tmux/tmux-powerline/powerline.sh left: 
1447726446.792264 free job 0x7fb479f13940: ~/.tmux/tmux-powerline/powerline.sh left
1447726446.792425 event dispatch exit
1447726446.792877 format '~/.tmux/tmux-powerline/powerline.sh left' -> '~/.tmux/tmux-powerline/powerline.sh left'
1447726446.792887 format '#(~/.tmux/tmux-powerline/powerline.sh left)' -> ''
1447726446.793220 format '~/tmux/tmux-powerline/powerline.sh right' -> '~/tmux/tmux-powerline/powerline.sh right'
1447726446.793226 format '#(~/tmux/tmux-powerline/powerline.sh right)' -> '<'~/tmux/tmux-powerline/powerline.sh right' not ready>'
1447726446.793533 format '#{window_flags}' -> '*'
1447726446.793538 format '#I:#W#{?window_flags,#{window_flags}, }' -> '0:[tmux]*'
1447726446.793595 @0 active pane not changed
1447726446.793599 event dispatch enter
1447726446.793671 job error 0x7fb479f13e60: ~/tmux/tmux-powerline/powerline.sh right, pid 26015
1447726446.793687 job died 0x7fb479f13e60: ~/tmux/tmux-powerline/powerline.sh right, pid 26015
1447726446.793694 format_job_callback: ~/tmux/tmux-powerline/powerline.sh right: 
1447726446.793700 free job 0x7fb479f13e60: ~/tmux/tmux-powerline/powerline.sh right
1447726446.793837 event dispatch exit
1447726446.794194 format '~/.tmux/tmux-powerline/powerline.sh left' -> '~/.tmux/tmux-powerline/powerline.sh left'
1447726446.794201 format '#(~/.tmux/tmux-powerline/powerline.sh left)' -> ''
1447726446.794523 format '~/tmux/tmux-powerline/powerline.sh right' -> '~/tmux/tmux-powerline/powerline.sh right'
1447726446.794530 format '#(~/tmux/tmux-powerline/powerline.sh right)' -> ''
1447726446.794857 format '#{window_flags}' -> '*'
1447726446.794862 format '#I:#W#{?window_flags,#{window_flags}, }' -> '0:[tmux]*'
1447726446.794916 @0 active pane not changed
1447726446.794920 event dispatch enter
1447726446.794946 event dispatch exit
1447726446.794950 @0 active pane not changed
1447726446.794952 event dispatch enter
1447726447.650585 keys are 1 (:)
1447726447.650609 complete key : 0x3a
1447726447.650635 event dispatch exit
1447726447.650645 @0 active pane not changed
1447726447.650650 event dispatch enter
1447726447.802380 keys are 1 (q)
1447726447.802405 complete key q 0x71
1447726447.802430 event dispatch exit
1447726447.802472 @0 active pane changed
1447726447.802706 format '#{pane_current_command}' -> 'bash'
1447726447.802717 format '' -> ''
1447726447.802725 format '#{?pane_in_mode,[tmux],#{pane_current_command}}#{?pane_dead,[dead],}' -> 'bash'
1447726447.802757 @0 new name bash (was [tmux])
1447726447.802765 event dispatch enter
1447726447.802825 %0 has 114 bytes
1447726447.802834 @0 alerts timer reset 0
1447726447.802856 input_parse: %0 ground, 114 bytes: \033]1337;RemoteHost=sushi@sashimi.local\a\033]1337;CurrentDir=/Users/sushi/.vim/bundle\a\033]1337;ShellIntegrationVersion=1\a
1447726447.802872 input_enter_osc
1447726447.802881 input_exit_osc: "1337;RemoteHost=sushi@sashimi.local"
1447726447.802886 input_exit_osc: unknown '1337'
1447726447.802892 input_enter_osc
1447726447.802900 input_exit_osc: "1337;CurrentDir=/Users/sushi/.vim/bundle"
1447726447.802904 input_exit_osc: unknown '1337'
1447726447.802909 input_enter_osc
1447726447.802916 input_exit_osc: "1337;ShellIntegrationVersion=1"
1447726447.802921 input_exit_osc: unknown '1337'
1447726447.802927 event dispatch exit
1447726447.803522 format '~/.tmux/tmux-powerline/powerline.sh left' -> '~/.tmux/tmux-powerline/powerline.sh left'
1447726447.803995 run job 0x7fb479d08e10: ~/.tmux/tmux-powerline/powerline.sh left, pid 26082
1447726447.804020 format '#(~/.tmux/tmux-powerline/powerline.sh left)' -> ''
1447726447.804534 format '~/tmux/tmux-powerline/powerline.sh right' -> '~/tmux/tmux-powerline/powerline.sh right'
1447726447.804788 run job 0x7fb479d09c70: ~/tmux/tmux-powerline/powerline.sh right, pid 26083
1447726447.804815 format '#(~/tmux/tmux-powerline/powerline.sh right)' -> ''
1447726447.805341 format '#{window_flags}' -> '*'
1447726447.805349 format '#I:#W#{?window_flags,#{window_flags}, }' -> '0:bash*'
1447726447.805463 @0 active pane changed
1447726447.805481 @0 name timer queued (497006 left)
1447726447.805486 event dispatch enter
1447726447.805550 %0 has 129 bytes
1447726447.805557 @0 alerts timer reset 0
1447726447.805564 input_parse: %0 ground, 129 bytes: \033]133;D;0\a\033]1337;RemoteHost=sushi@sashimi.local\a\033]1337;CurrentDir=/Users/sushi/.vim/bundle\a\033]133;A\asashimi:bundle sushi$ \033]133;B\a
1447726447.805569 input_enter_osc
1447726447.805573 input_exit_osc: "133;D;0"
1447726447.805577 input_exit_osc: unknown '133'
1447726447.805580 input_enter_osc
1447726447.805586 input_exit_osc: "1337;RemoteHost=sushi@sashimi.local"
1447726447.805589 input_exit_osc: unknown '1337'
1447726447.805593 input_enter_osc
1447726447.805599 input_exit_osc: "1337;CurrentDir=/Users/sushi/.vim/bundle"
1447726447.805602 input_exit_osc: unknown '1337'
1447726447.805606 input_enter_osc
1447726447.805609 input_exit_osc: "133;A"
1447726447.805613 input_exit_osc: unknown '133'
1447726447.805637 input_enter_osc
1447726447.805641 input_exit_osc: "133;B"
1447726447.805644 input_exit_osc: unknown '133'
1447726447.805650 job write 0x7fb479d08e10: ~/.tmux/tmux-powerline/powerline.sh left, pid 26082, output left 0
1447726447.805657 job write 0x7fb479d09c70: ~/tmux/tmux-powerline/powerline.sh right, pid 26083, output left 0
1447726447.805662 event dispatch exit
1447726447.805668 @0 active pane changed
1447726447.805672 @0 name timer already queued (496804 left)
1447726447.805676 event dispatch enter
1447726447.805706 event dispatch exit
1447726447.805714 @0 active pane changed
1447726447.805721 @0 name timer already queued (496756 left)
1447726447.805726 event dispatch enter
1447726447.808803 job error 0x7fb479d08e10: ~/.tmux/tmux-powerline/powerline.sh left, pid 26082
1447726447.808816 event dispatch exit
1447726447.808823 @0 active pane changed
1447726447.808827 @0 name timer already queued (493649 left)
1447726447.808830 event dispatch enter
1447726447.809029 job died 0x7fb479d08e10: ~/.tmux/tmux-powerline/powerline.sh left, pid 26082
1447726447.809044 format_job_callback: ~/.tmux/tmux-powerline/powerline.sh left: 
1447726447.809049 free job 0x7fb479d08e10: ~/.tmux/tmux-powerline/powerline.sh left
1447726447.809135 job died 0x7fb479d09c70: ~/tmux/tmux-powerline/powerline.sh right, pid 26083
1447726447.809142 event dispatch exit
1447726447.809577 format '~/.tmux/tmux-powerline/powerline.sh left' -> '~/.tmux/tmux-powerline/powerline.sh left'
1447726447.809585 format '#(~/.tmux/tmux-powerline/powerline.sh left)' -> ''
1447726447.809965 format '~/tmux/tmux-powerline/powerline.sh right' -> '~/tmux/tmux-powerline/powerline.sh right'
1447726447.809971 format '#(~/tmux/tmux-powerline/powerline.sh right)' -> ''
1447726447.810351 format '#{window_flags}' -> '*'
1447726447.810357 format '#I:#W#{?window_flags,#{window_flags}, }' -> '0:bash*'
1447726447.810401 @0 active pane changed
1447726447.810405 @0 name timer already queued (492071 left)
1447726447.810409 event dispatch enter
1447726447.810434 job error 0x7fb479d09c70: ~/tmux/tmux-powerline/powerline.sh right, pid -1
1447726447.810439 format_job_callback: ~/tmux/tmux-powerline/powerline.sh right: 
1447726447.810443 free job 0x7fb479d09c70: ~/tmux/tmux-powerline/powerline.sh right
1447726447.810521 event dispatch exit
1447726447.810873 format '~/.tmux/tmux-powerline/powerline.sh left' -> '~/.tmux/tmux-powerline/powerline.sh left'
1447726447.810879 format '#(~/.tmux/tmux-powerline/powerline.sh left)' -> ''
1447726447.811231 format '~/tmux/tmux-powerline/powerline.sh right' -> '~/tmux/tmux-powerline/powerline.sh right'
1447726447.811236 format '#(~/tmux/tmux-powerline/powerline.sh right)' -> ''
1447726447.811576 format '#{window_flags}' -> '*'
1447726447.811581 format '#I:#W#{?window_flags,#{window_flags}, }' -> '0:bash*'
1447726447.811620 @0 active pane changed
1447726447.811624 @0 name timer already queued (490853 left)
1447726447.811626 event dispatch enter
1447726447.890656 keys are 1 (\r)
1447726447.890676 complete key \r 0xd
1447726447.890704 writing key 0xd (Enter)
1447726447.890716 event dispatch exit
1447726447.890725 @0 active pane changed
1447726447.890731 @0 name timer already queued (411746 left)
1447726447.890736 event dispatch enter
1447726447.890773 event dispatch exit
1447726447.890780 @0 active pane changed
1447726447.890785 @0 name timer already queued (411691 left)
1447726447.890790 event dispatch enter
1447726447.890887 %0 has 2 bytes
1447726447.890906 @0 alerts timer reset 0
1447726447.890914 input_parse: %0 ground, 2 bytes: \r\n
1447726447.890920 input_c0_dispatch: '\r'
1447726447.890925 input_c0_dispatch: '\n'
1447726447.890932 event dispatch exit
1447726447.890941 @0 active pane changed
1447726447.890947 @0 name timer already queued (411530 left)
1447726447.890952 event dispatch enter
1447726447.890988 event dispatch exit
1447726447.890995 @0 active pane changed
1447726447.891000 @0 name timer already queued (411476 left)
1447726447.891005 event dispatch enter
1447726447.906406 %0 has 129 bytes
1447726447.906420 @0 alerts timer reset 0
1447726447.906426 input_parse: %0 ground, 129 bytes: \033]133;D;0\a\033]1337;RemoteHost=sushi@sashimi.local\a\033]1337;CurrentDir=/Users/sushi/.vim/bundle\a\033]133;A\asashimi:bundle sushi$ \033]133;B\a
1447726447.906430 input_enter_osc
1447726447.906433 input_exit_osc: "133;D;0"
1447726447.906436 input_exit_osc: unknown '133'
1447726447.906439 input_enter_osc
1447726447.906443 input_exit_osc: "1337;RemoteHost=sushi@sashimi.local"
1447726447.906445 input_exit_osc: unknown '1337'
1447726447.906448 input_enter_osc
1447726447.906453 input_exit_osc: "1337;CurrentDir=/Users/sushi/.vim/bundle"
1447726447.906455 input_exit_osc: unknown '1337'
1447726447.906458 input_enter_osc
1447726447.906460 input_exit_osc: "133;A"
1447726447.906462 input_exit_osc: unknown '133'
1447726447.906484 input_enter_osc
1447726447.906487 input_exit_osc: "133;B"
1447726447.906489 input_exit_osc: unknown '133'
1447726447.906493 event dispatch exit
1447726447.906498 @0 active pane changed
1447726447.906501 @0 name timer already queued (395975 left)
1447726447.906504 event dispatch enter
1447726447.906526 event dispatch exit
1447726447.906529 @0 active pane changed
1447726447.906531 @0 name timer already queued (395944 left)
1447726447.906534 event dispatch enter
1447726448.098431 keys are 1 (t)
1447726448.098456 complete key t 0x74
1447726448.098473 writing key 0x74 (t)
1447726448.098483 event dispatch exit
1447726448.098493 @0 active pane changed
1447726448.098502 @0 name timer already queued (203976 left)
1447726448.098507 event dispatch enter
1447726448.098558 event dispatch exit
1447726448.098565 @0 active pane changed
1447726448.098570 @0 name timer already queued (203907 left)
1447726448.098575 event dispatch enter
1447726448.098683 %0 has 1 bytes
1447726448.098699 @0 alerts timer reset 0
1447726448.098707 input_parse: %0 ground, 1 bytes: t
1447726448.098727 event dispatch exit
1447726448.098737 @0 active pane changed
1447726448.098742 @0 name timer already queued (203735 left)
1447726448.098747 event dispatch enter
1447726448.098781 event dispatch exit
1447726448.098788 @0 active pane changed
1447726448.098794 @0 name timer already queued (203683 left)
1447726448.098798 event dispatch enter
1447726448.218484 keys are 1 (m)
1447726448.218509 complete key m 0x6d
1447726448.218523 writing key 0x6d (m)
1447726448.218531 event dispatch exit
1447726448.218541 @0 active pane changed
1447726448.218546 @0 name timer already queued (83931 left)
1447726448.218551 event dispatch enter
1447726448.218611 event dispatch exit
1447726448.218619 @0 active pane changed
1447726448.218624 @0 name timer already queued (83852 left)
1447726448.218629 event dispatch enter
1447726448.218711 %0 has 1 bytes
1447726448.218727 @0 alerts timer reset 0
1447726448.218735 input_parse: %0 ground, 1 bytes: m
1447726448.218755 event dispatch exit
1447726448.218764 @0 active pane changed
1447726448.218770 @0 name timer already queued (83707 left)
1447726448.218775 event dispatch enter
1447726448.218808 event dispatch exit
1447726448.218816 @0 active pane changed
1447726448.218821 @0 name timer already queued (83656 left)
1447726448.218825 event dispatch enter
1447726448.303643 @0 name timer expired
1447726448.303695 event dispatch exit
1447726448.303720 @0 active pane changed
1447726448.304011 format '#{pane_current_command}' -> 'bash'
1447726448.304026 format '' -> ''
1447726448.304034 format '#{?pane_in_mode,[tmux],#{pane_current_command}}#{?pane_dead,[dead],}' -> 'bash'
1447726448.304067 @0 name not changed (still bash)
1447726448.304073 event dispatch enter
1447726448.642510 keys are 1 (\177)
1447726448.642534 complete key \177 0x1024
1447726448.642548 writing key 0x1024 (BSpace)
1447726448.642554 found key 0x1024: "\177"
1447726448.642563 event dispatch exit
1447726448.642572 @0 active pane not changed
1447726448.642577 event dispatch enter
1447726448.642614 event dispatch exit
1447726448.642621 @0 active pane not changed
1447726448.642625 event dispatch enter
1447726448.642734 %0 has 4 bytes
1447726448.642750 @0 alerts timer reset 0
1447726448.642759 input_parse: %0 ground, 4 bytes: \b\033[K
1447726448.642764 input_c0_dispatch: '\b'
1447726448.642771 input_csi_dispatch: 'K' "" ""
1447726448.642801 event dispatch exit
1447726448.642809 @0 active pane changed
1447726448.642815 @0 name timer queued (160916 left)
1447726448.642820 event dispatch enter
1447726448.642854 event dispatch exit
1447726448.642860 @0 active pane changed
1447726448.642866 @0 name timer already queued (160865 left)
1447726448.642870 event dispatch enter
1447726448.786146 client 7, status interval 2
1447726448.786170 event dispatch exit
1447726448.786831 format '~/.tmux/tmux-powerline/powerline.sh left' -> '~/.tmux/tmux-powerline/powerline.sh left'
1447726448.787188 run job 0x7fb479d098e0: ~/.tmux/tmux-powerline/powerline.sh left, pid 26090
1447726448.787217 format '#(~/.tmux/tmux-powerline/powerline.sh left)' -> ''
1447726448.787734 format '~/tmux/tmux-powerline/powerline.sh right' -> '~/tmux/tmux-powerline/powerline.sh right'
1447726448.787981 run job 0x7fb479d09ce0: ~/tmux/tmux-powerline/powerline.sh right, pid 26091
1447726448.788009 format '#(~/tmux/tmux-powerline/powerline.sh right)' -> ''
1447726448.788546 format '#{window_flags}' -> '*'
1447726448.788555 format '#I:#W#{?window_flags,#{window_flags}, }' -> '0:bash*'
1447726448.788644 @0 active pane changed
1447726448.788651 @0 name timer already queued (15080 left)
1447726448.788654 event dispatch enter
1447726448.788705 job write 0x7fb479d09ce0: ~/tmux/tmux-powerline/powerline.sh right, pid 26091, output left 0
1447726448.788714 job write 0x7fb479d098e0: ~/.tmux/tmux-powerline/powerline.sh left, pid 26090, output left 0
1447726448.788719 event dispatch exit
1447726448.788724 @0 active pane changed
1447726448.788728 @0 name timer already queued (15003 left)
1447726448.788731 event dispatch enter
1447726448.791837 job error 0x7fb479d098e0: ~/.tmux/tmux-powerline/powerline.sh left, pid 26090
1447726448.791848 event dispatch exit
1447726448.791855 @0 active pane changed
1447726448.791859 @0 name timer already queued (11872 left)
1447726448.791862 event dispatch enter
1447726448.792058 job died 0x7fb479d098e0: ~/.tmux/tmux-powerline/powerline.sh left, pid 26090
1447726448.792069 format_job_callback: ~/.tmux/tmux-powerline/powerline.sh left: 
1447726448.792074 free job 0x7fb479d098e0: ~/.tmux/tmux-powerline/powerline.sh left
1447726448.792143 event dispatch exit
1447726448.792603 format '~/.tmux/tmux-powerline/powerline.sh left' -> '~/.tmux/tmux-powerline/powerline.sh left'
1447726448.792611 format '#(~/.tmux/tmux-powerline/powerline.sh left)' -> ''
1447726448.793012 format '~/tmux/tmux-powerline/powerline.sh right' -> '~/tmux/tmux-powerline/powerline.sh right'
1447726448.793019 format '#(~/tmux/tmux-powerline/powerline.sh right)' -> ''
1447726448.793404 format '#{window_flags}' -> '*'
1447726448.793411 format '#I:#W#{?window_flags,#{window_flags}, }' -> '0:bash*'
1447726448.793459 @0 active pane changed
1447726448.793464 @0 name timer already queued (10266 left)
1447726448.793468 event dispatch enter
1447726448.793487 job error 0x7fb479d09ce0: ~/tmux/tmux-powerline/powerline.sh right, pid 26091
1447726448.793498 job died 0x7fb479d09ce0: ~/tmux/tmux-powerline/powerline.sh right, pid 26091
1447726448.793503 format_job_callback: ~/tmux/tmux-powerline/powerline.sh right: 
1447726448.793507 free job 0x7fb479d09ce0: ~/tmux/tmux-powerline/powerline.sh right
1447726448.793588 event dispatch exit
1447726448.793943 format '~/.tmux/tmux-powerline/powerline.sh left' -> '~/.tmux/tmux-powerline/powerline.sh left'
1447726448.793949 format '#(~/.tmux/tmux-powerline/powerline.sh left)' -> ''
1447726448.794287 format '~/tmux/tmux-powerline/powerline.sh right' -> '~/tmux/tmux-powerline/powerline.sh right'
1447726448.794293 format '#(~/tmux/tmux-powerline/powerline.sh right)' -> ''
1447726448.794645 format '#{window_flags}' -> '*'
1447726448.794651 format '#I:#W#{?window_flags,#{window_flags}, }' -> '0:bash*'
1447726448.794691 @0 active pane changed
1447726448.794695 @0 name timer already queued (9035 left)
1447726448.794698 event dispatch enter
1447726448.794716 keys are 1 (\177)
1447726448.794721 complete key \177 0x1024
1447726448.794731 writing key 0x1024 (BSpace)
1447726448.794735 found key 0x1024: "\177"
1447726448.794740 event dispatch exit
1447726448.794743 @0 active pane changed
1447726448.794747 @0 name timer already queued (8983 left)
1447726448.794749 event dispatch enter
1447726448.794770 event dispatch exit
1447726448.794775 @0 active pane changed
1447726448.794778 @0 name timer already queued (8952 left)
1447726448.794780 event dispatch enter
1447726448.794847 %0 has 4 bytes
1447726448.794857 @0 alerts timer reset 0
1447726448.794862 input_parse: %0 ground, 4 bytes: \b\033[K
1447726448.794866 input_c0_dispatch: '\b'
1447726448.794870 input_csi_dispatch: 'K' "" ""
1447726448.794881 event dispatch exit
1447726448.794886 @0 active pane changed
1447726448.794889 @0 name timer already queued (8841 left)
1447726448.794892 event dispatch enter
1447726448.794913 event dispatch exit
1447726448.794917 @0 active pane changed
1447726448.794920 @0 name timer already queued (8810 left)
1447726448.794922 event dispatch enter
1447726448.804887 @0 name timer expired
1447726448.804938 event dispatch exit
1447726448.804961 @0 active pane changed
1447726448.805254 format '#{pane_current_command}' -> 'bash'
1447726448.805268 format '' -> ''
1447726448.805276 format '#{?pane_in_mode,[tmux],#{pane_current_command}}#{?pane_dead,[dead],}' -> 'bash'
1447726448.805308 @0 name not changed (still bash)
1447726448.805315 event dispatch enter
1447726449.290641 keys are 1 (\004)
1447726449.290664 complete key \004 0x4
1447726449.290679 writing key 0x4 (C-d)
1447726449.290688 event dispatch exit
1447726449.290697 @0 active pane not changed
1447726449.290702 event dispatch enter
1447726449.290739 event dispatch exit
1447726449.290746 @0 active pane not changed
1447726449.290750 event dispatch enter
1447726449.290892 %0 has 8 bytes
1447726449.290911 @0 alerts timer reset 0
1447726449.290919 input_parse: %0 ground, 8 bytes: logout\r\n
1447726449.290950 input_c0_dispatch: '\r'
1447726449.290956 input_c0_dispatch: '\n'
1447726449.290963 event dispatch exit
1447726449.290972 @0 active pane changed
1447726449.290977 @0 name timer queued (13995 left)
1447726449.290983 event dispatch enter
1447726449.291024 event dispatch exit
1447726449.291033 @0 active pane changed
1447726449.291039 @0 name timer already queued (13933 left)
1447726449.291043 event dispatch enter
1447726449.291856 session 0 has 2 references
1447726449.291873 session 0 destroyed
1447726449.291900 session 0 has 2 references
1447726449.291912 session 0 has 1 references
1447726449.291934 event dispatch exit
1447726449.291940 writing 203 to client 7
1447726449.291947 event dispatch enter
1447726449.292003 session 0 freed (0 references)
1447726449.292012 event dispatch exit
1447726449.292016 event dispatch enter
1447726449.292387 got 205 from client 7
1447726449.292484 writing 204 to client 7
1447726449.292494 event dispatch exit
1447726449.292499 event dispatch enter
1447726449.292543 event dispatch exit
1447726449.292549 event dispatch enter
1447726449.293317 lost client 7
1447726449.293385 unref client 7 (1 references)
1447726449.293447 event dispatch exit
